Unity Editor version:    2021.3.16f1 (4016570cf34f)
Branch:                  2021.3/staging
Build type:              Release
Batch mode:              YES
macOS version:           Version 13.1 (Build 22C65)
Darwin version:          22.2.0
Architecture:            x86_64
Running under Rosetta:   NO
Available memory:        16384 MB
Using pre-set license
Pro License: YES

COMMAND LINE ARGUMENTS:
/Applications/Unity/Hub/Editor/2021.3.16f1/Unity.app/Contents/MacOS/Unity
-adb2
-batchMode
-noUpm
-name
AssetImportWorker0
-projectPath
/Users/ellioteckholm/Downloads/2D_IsoTilemaps-master/Lovecraft_Country
-logFile
Logs/AssetImportWorker0.log
-srvPort
58627
Successfully changed project path to: /Users/ellioteckholm/Downloads/2D_IsoTilemaps-master/Lovecraft_Country
/Users/ellioteckholm/Downloads/2D_IsoTilemaps-master/Lovecraft_Country
[UnityMemory] Configuration Parameters - Can be set up in boot.config
    "memorysetup-bucket-allocator-granularity=16"
    "memorysetup-bucket-allocator-bucket-count=8"
    "memorysetup-bucket-allocator-block-size=33554432"
    "memorysetup-bucket-allocator-block-count=8"
    "memorysetup-main-allocator-block-size=16777216"
    "memorysetup-thread-allocator-block-size=16777216"
    "memorysetup-gfx-main-allocator-block-size=16777216"
    "memorysetup-gfx-thread-allocator-block-size=16777216"
    "memorysetup-cache-allocator-block-size=4194304"
    "memorysetup-typetree-allocator-block-size=2097152"
    "memorysetup-profiler-bucket-allocator-granularity=16"
    "memorysetup-profiler-bucket-allocator-bucket-count=8"
    "memorysetup-profiler-bucket-allocator-block-size=33554432"
    "memorysetup-profiler-bucket-allocator-block-count=8"
    "memorysetup-profiler-allocator-block-size=16777216"
    "memorysetup-profiler-editor-allocator-block-size=1048576"
    "memorysetup-temp-allocator-size-main=16777216"
    "memorysetup-job-temp-allocator-block-size=2097152"
    "memorysetup-job-temp-allocator-block-size-background=1048576"
    "memorysetup-job-temp-allocator-reduction-small-platforms=262144"
    "memorysetup-temp-allocator-size-background-worker=32768"
    "memorysetup-temp-allocator-size-job-worker=262144"
    "memorysetup-temp-allocator-size-preload-manager=33554432"
    "memorysetup-temp-allocator-size-nav-mesh-worker=65536"
    "memorysetup-temp-allocator-size-audio-worker=65536"
    "memorysetup-temp-allocator-size-cloud-worker=32768"
    "memorysetup-temp-allocator-size-gi-baking-worker=262144"
    "memorysetup-temp-allocator-size-gfx=262144"
Player connection [140704622667968] Host "[IP] 192.168.0.213 [Port] 0 [Flags] 2 [Guid] 1485822922 [EditorId] 1485822922 [Version] 1048832 [Id] OSXEditor(0,Elliots-MacBook-Pro-2.local) [Debug] 1 [PackageName] OSXEditor [ProjectName] Editor" joined multi-casting on [225.0.0.222:54997]...

Player connection [140704622667968] Host "[IP] 192.168.0.213 [Port] 0 [Flags] 2 [Guid] 1485822922 [EditorId] 1485822922 [Version] 1048832 [Id] OSXEditor(0,Elliots-MacBook-Pro-2.local) [Debug] 1 [PackageName] OSXEditor [ProjectName] Editor" joined alternative multi-casting on [225.0.0.222:34997]...

Refreshing native plugins compatible for Editor in 61.35 ms, found 2 plugins.
Preloading 0 native plugins for Editor in 0.00 ms.
Initialize engine version: 2021.3.16f1 (4016570cf34f)
[Subsystems] Discovering subsystems at path /Applications/Unity/Hub/Editor/2021.3.16f1/Unity.app/Contents/Resources/UnitySubsystems
[Subsystems] Discovering subsystems at path /Users/ellioteckholm/Downloads/2D_IsoTilemaps-master/Lovecraft_Country/Assets
GfxDevice: creating device client; threaded=0; jobified=0
SB270 preferred device: AMD Radeon Pro 560 (high power)
Metal devices available: 2
0: AMD Radeon Pro 560 (high power)
1: Intel(R) HD Graphics 630 (low power)
Using device AMD Radeon Pro 560 (high power)
Initializing Metal device caps: AMD Radeon Pro 560
Initialize mono
Mono path[0] = '/Applications/Unity/Hub/Editor/2021.3.16f1/Unity.app/Contents/Managed'
Mono path[1] = '/Applications/Unity/Hub/Editor/2021.3.16f1/Unity.app/Contents/MonoBleedingEdge/lib/mono/unityjit-macos'
Mono config path = '/Applications/Unity/Hub/Editor/2021.3.16f1/Unity.app/Contents/MonoBleedingEdge/etc'
Using monoOptions --debugger-agent=transport=dt_socket,embedding=1,server=y,suspend=n,address=127.0.0.1:56870
Begin MonoManager ReloadAssembly
Registering precompiled unity dll's ...
Register platform support module: /Applications/Unity/Hub/Editor/2021.3.16f1/Unity.app/Contents/PlaybackEngines/MacStandaloneSupport/UnityEditor.OSXStandalone.Extensions.dll
Register platform support module: /Applications/Unity/Hub/Editor/2021.3.16f1/PlaybackEngines/iOSSupport/UnityEditor.iOS.Extensions.dll
Registered in 0.001105 seconds.
[usbmuxd] Start listen thread
[usbmuxd] Listen thread started
[usbmuxd] Send listen message
Native extension for iOS target not found
Native extension for OSXStandalone target not found
Refreshing native plugins compatible for Editor in 59.25 ms, found 2 plugins.
Preloading 0 native plugins for Editor in 0.00 ms.
Mono: successfully reloaded assembly
- Completed reload, in  0.927 seconds
Domain Reload Profiling:
	ReloadAssembly (928ms)
		BeginReloadAssembly (66ms)
			ExecutionOrderSort (0ms)
			DisableScriptedObjects (0ms)
			BackupInstance (0ms)
			ReleaseScriptingObjects (0ms)
			CreateAndSetChildDomain (1ms)
		EndReloadAssembly (709ms)
			LoadAssemblies (65ms)
			RebuildTransferFunctionScriptingTraits (0ms)
			SetupTypeCache (181ms)
			ReleaseScriptCaches (0ms)
			RebuildScriptCaches (44ms)
			SetupLoadedEditorAssemblies (419ms)
				LogAssemblyErrors (0ms)
				InitializePlatformSupportModulesInManaged (117ms)
				SetLoadedEditorAssemblies (0ms)
				RefreshPlugins (59ms)
				BeforeProcessingInitializeOnLoad (2ms)
				ProcessInitializeOnLoadAttributes (185ms)
				ProcessInitializeOnLoadMethodAttributes (56ms)
				AfterProcessingInitializeOnLoad (0ms)
				EditorAssembliesLoaded (0ms)
			ExecutionOrderSort2 (0ms)
			AwakeInstancesAfterBackupRestoration (0ms)
Platform modules already initialized, skipping
Registering precompiled user dll's ...
Registered in 0.002901 seconds.
Begin MonoManager ReloadAssembly
Native extension for iOS target not found
Native extension for OSXStandalone target not found
Refreshing native plugins compatible for Editor in 0.95 ms, found 2 plugins.
Preloading 0 native plugins for Editor in 0.00 ms.
Package Manager log level set to [2]
Mono: successfully reloaded assembly
- Completed reload, in  1.701 seconds
Domain Reload Profiling:
	ReloadAssembly (1702ms)
		BeginReloadAssembly (138ms)
			ExecutionOrderSort (0ms)
			DisableScriptedObjects (7ms)
			BackupInstance (0ms)
			ReleaseScriptingObjects (0ms)
			CreateAndSetChildDomain (37ms)
		EndReloadAssembly (1363ms)
			LoadAssemblies (85ms)
			RebuildTransferFunctionScriptingTraits (0ms)
			SetupTypeCache (302ms)
			ReleaseScriptCaches (1ms)
			RebuildScriptCaches (86ms)
			SetupLoadedEditorAssemblies (817ms)
				LogAssemblyErrors (0ms)
				InitializePlatformSupportModulesInManaged (32ms)
				SetLoadedEditorAssemblies (1ms)
				RefreshPlugins (1ms)
				BeforeProcessingInitializeOnLoad (103ms)
				ProcessInitializeOnLoadAttributes (412ms)
				ProcessInitializeOnLoadMethodAttributes (264ms)
				AfterProcessingInitializeOnLoad (4ms)
				EditorAssembliesLoaded (0ms)
			ExecutionOrderSort2 (0ms)
			AwakeInstancesAfterBackupRestoration (6ms)
Platform modules already initialized, skipping
========================================================================
Worker process is ready to serve import requests
Launching external process: /Applications/Unity/Hub/Editor/2021.3.16f1/Unity.app/Contents/Tools/UnityShaderCompiler
Launched and connected shader compiler UnityShaderCompiler after 0.15 seconds
Refreshing native plugins compatible for Editor in 0.96 ms, found 2 plugins.
Preloading 0 native plugins for Editor in 0.00 ms.
Unloading 2432 Unused Serialized files (Serialized files now loaded: 0)
Unloading 60 unused Assets / (41.1 KB). Loaded Objects now: 2866.
Memory consumption went from 87.7 MB to 87.7 MB.
Total: 10.779815 ms (FindLiveObjects: 0.258597 ms CreateObjectMapping: 0.227195 ms MarkObjects: 10.165535 ms  DeleteObjects: 0.127236 ms)

AssetImportParameters requested are different than current active one (requested -> active):
  custom:video-decoder-ogg-theora: a1e56fd34408186e4bbccfd4996cb3dc -> 
  custom:container-muxer-webm: aa71ff27fc2769a1b78a27578f13a17b -> 
  custom:container-demuxer-webm: 4f35f7cbe854078d1ac9338744f61a02 -> 
  custom:video-encoder-webm-vp8: eb34c28f22e8b96e1ab97ce403110664 -> 
  custom:framework-osx-AVFoundation: e770b220cccbd017edd2c1fefb359320 -> 
  custom:audio-encoder-webm-vorbis: bf7c407c2cedff20999df2af8eb42d56 -> 
  custom:container-demuxer-ogg: 62fdf1f143b41e24485cea50d1cbac27 -> 
  custom:video-decoder-webm-vp8: 9c59270c3fd7afecdb556c50c9e8de78 -> 
  custom:audio-decoder-ogg-vorbis: bf7c407c2cedff20999df2af8eb42d56 -> 
========================================================================
Received Import Request.
  Time since last request: 151683.941689 seconds.
  path: Assets/bush_2.asset
  artifactKey: Guid(1f638bf45202b4c728aaf9c58fe01ca9) Importer(815301076,1909f56bfc062723c751e8b465ee728b)
Start importing Assets/bush_2.asset using Guid(1f638bf45202b4c728aaf9c58fe01ca9) Importer(815301076,1909f56bfc062723c751e8b465ee728b)  -> (artifact id: '4eb63292115b203225f76ac490cc0aca') in 0.238961 seconds 
========================================================================
Received Import Request.
  Time since last request: 9.500519 seconds.
  path: Assets/MeatSponge/Sprites/tile_bush_green_1.asset
  artifactKey: Guid(78387c6cea74143049dd62e9c625d96e) Importer(815301076,1909f56bfc062723c751e8b465ee728b)
Start importing Assets/MeatSponge/Sprites/tile_bush_green_1.asset using Guid(78387c6cea74143049dd62e9c625d96e) Importer(815301076,1909f56bfc062723c751e8b465ee728b)  -> (artifact id: 'fac023c7ff3d9d41789124605226dce2') in 0.011922 seconds 
========================================================================
Received Import Request.
  Time since last request: 1.396733 seconds.
  path: Assets/MeatSponge/Sprites/tile_bush_green_2.asset
  artifactKey: Guid(07f94ad4f5fe04013b035d475a1bf23e) Importer(815301076,1909f56bfc062723c751e8b465ee728b)
Start importing Assets/MeatSponge/Sprites/tile_bush_green_2.asset using Guid(07f94ad4f5fe04013b035d475a1bf23e) Importer(815301076,1909f56bfc062723c751e8b465ee728b)  -> (artifact id: '349e64f90e904b5b2f168f2ab5e687ee') in 0.006874 seconds 
========================================================================
Received Import Request.
  Time since last request: 0.683504 seconds.
  path: Assets/MeatSponge/Sprites/tile_ground_green_1.asset
  artifactKey: Guid(cea320507cd69437c95a203125c1dcf9) Importer(815301076,1909f56bfc062723c751e8b465ee728b)
Start importing Assets/MeatSponge/Sprites/tile_ground_green_1.asset using Guid(cea320507cd69437c95a203125c1dcf9) Importer(815301076,1909f56bfc062723c751e8b465ee728b)  -> (artifact id: '553de6751d35446b026ef3b7d855f4c4') in 0.006339 seconds 
========================================================================
Received Import Request.
  Time since last request: 0.603148 seconds.
  path: Assets/MeatSponge/Sprites/tile_sw_corner_ground_green_1.asset
  artifactKey: Guid(2326abe7faa964ad8aa79146f7b151dc) Importer(815301076,1909f56bfc062723c751e8b465ee728b)
Start importing Assets/MeatSponge/Sprites/tile_sw_corner_ground_green_1.asset using Guid(2326abe7faa964ad8aa79146f7b151dc) Importer(815301076,1909f56bfc062723c751e8b465ee728b)  -> (artifact id: '3e669186520ecf8bae03f1027f11555f') in 0.006207 seconds 
========================================================================
Received Import Request.
  Time since last request: 1.441935 seconds.
  path: Assets/bush_1.asset
  artifactKey: Guid(8a83f2d4d93d1423bad75ab451852e01) Importer(815301076,1909f56bfc062723c751e8b465ee728b)
Start importing Assets/bush_1.asset using Guid(8a83f2d4d93d1423bad75ab451852e01) Importer(815301076,1909f56bfc062723c751e8b465ee728b)  -> (artifact id: '6bd8b8fcc4b1aee3ddcc4706232948f7') in 0.008806 seconds 
========================================================================
Received Import Request.
  Time since last request: 131.490587 seconds.
  path: Assets/Tilemaps/Isometric/Palettes/Palette_Biome_FrozenMountain.prefab
  artifactKey: Guid(eaba60269b5b6904dba70174d1362e6c) Importer(815301076,1909f56bfc062723c751e8b465ee728b)
Start importing Assets/Tilemaps/Isometric/Palettes/Palette_Biome_FrozenMountain.prefab using Guid(eaba60269b5b6904dba70174d1362e6c) Importer(815301076,1909f56bfc062723c751e8b465ee728b)  -> (artifact id: 'b56ffbc05070f8c3c00d1a2e32cf5568') in 0.218829 seconds 
========================================================================
Received Import Request.
  Time since last request: 0.000094 seconds.
  path: Assets/Tilemaps/Isometric/Palettes/Palette_Biome_Basic.prefab
  artifactKey: Guid(ee830c1330c07c04bb4fedeb75451692) Importer(815301076,1909f56bfc062723c751e8b465ee728b)
Start importing Assets/Tilemaps/Isometric/Palettes/Palette_Biome_Basic.prefab using Guid(ee830c1330c07c04bb4fedeb75451692) Importer(815301076,1909f56bfc062723c751e8b465ee728b)  -> (artifact id: '1b60937b4cc9ce10c813568425a479be') in 0.051844 seconds 
========================================================================
Received Import Request.
  Time since last request: 0.000086 seconds.
  path: Assets/Tilemaps/Isometric/Palettes/Palette_Biome_Desert.prefab
  artifactKey: Guid(01d6eb93d672dc5478bdad1f03086a80) Importer(815301076,1909f56bfc062723c751e8b465ee728b)
Start importing Assets/Tilemaps/Isometric/Palettes/Palette_Biome_Desert.prefab using Guid(01d6eb93d672dc5478bdad1f03086a80) Importer(815301076,1909f56bfc062723c751e8b465ee728b)  -> (artifact id: 'c3439e818b62084024225b6a80135ba4') in 0.073139 seconds 
========================================================================
Received Import Request.
  Time since last request: 0.000089 seconds.
  path: Assets/Prefabs/Decorations/Desert/Tree_Palm.prefab
  artifactKey: Guid(3b0788909d2477247a43cb4f4ceb765d) Importer(815301076,1909f56bfc062723c751e8b465ee728b)
Start importing Assets/Prefabs/Decorations/Desert/Tree_Palm.prefab using Guid(3b0788909d2477247a43cb4f4ceb765d) Importer(815301076,1909f56bfc062723c751e8b465ee728b)  -> (artifact id: '80671f7c882df75a3654124ce787eeb4') in 0.011455 seconds 
========================================================================
Received Import Request.
  Time since last request: 0.001872 seconds.
  path: Assets/Tilemaps/Isometric/Palettes/Palette_Biome_FrozenCave.prefab
  artifactKey: Guid(36705364c921ea945a30d285f4749738) Importer(815301076,1909f56bfc062723c751e8b465ee728b)
Start importing Assets/Tilemaps/Isometric/Palettes/Palette_Biome_FrozenCave.prefab using Guid(36705364c921ea945a30d285f4749738) Importer(815301076,1909f56bfc062723c751e8b465ee728b)  -> (artifact id: 'b6b3f454bc5b4b1ee2fb474121bf5dd9') in 0.064794 seconds 
========================================================================
Received Import Request.
  Time since last request: 0.000082 seconds.
  path: Assets/Tilemaps/Isometric/Palettes/Palette_Biome_Plains.prefab
  artifactKey: Guid(f6ec7647b4504b540a4e817d106ddf2f) Importer(815301076,1909f56bfc062723c751e8b465ee728b)
Start importing Assets/Tilemaps/Isometric/Palettes/Palette_Biome_Plains.prefab using Guid(f6ec7647b4504b540a4e817d106ddf2f) Importer(815301076,1909f56bfc062723c751e8b465ee728b)  -> (artifact id: '23cb44f2dc3b693b0f29c3e12603cca2') in 0.117455 seconds 
========================================================================
Received Prepare
Registering precompiled user dll's ...
Registered in 0.002095 seconds.
Begin MonoManager ReloadAssembly
Native extension for iOS target not found
Native extension for OSXStandalone target not found
Refreshing native plugins compatible for Editor in 0.77 ms, found 2 plugins.
Preloading 0 native plugins for Editor in 0.00 ms.
Mono: successfully reloaded assembly
- Completed reload, in  1.484 seconds
Domain Reload Profiling:
	ReloadAssembly (1485ms)
		BeginReloadAssembly (304ms)
			ExecutionOrderSort (0ms)
			DisableScriptedObjects (15ms)
			BackupInstance (0ms)
			ReleaseScriptingObjects (0ms)
			CreateAndSetChildDomain (184ms)
		EndReloadAssembly (1026ms)
			LoadAssemblies (86ms)
			RebuildTransferFunctionScriptingTraits (0ms)
			SetupTypeCache (278ms)
			ReleaseScriptCaches (1ms)
			RebuildScriptCaches (57ms)
			SetupLoadedEditorAssemblies (552ms)
				LogAssemblyErrors (0ms)
				InitializePlatformSupportModulesInManaged (39ms)
				SetLoadedEditorAssemblies (1ms)
				RefreshPlugins (1ms)
				BeforeProcessingInitializeOnLoad (59ms)
				ProcessInitializeOnLoadAttributes (269ms)
				ProcessInitializeOnLoadMethodAttributes (181ms)
				AfterProcessingInitializeOnLoad (2ms)
				EditorAssembliesLoaded (0ms)
			ExecutionOrderSort2 (0ms)
			AwakeInstancesAfterBackupRestoration (7ms)
Platform modules already initialized, skipping
Refreshing native plugins compatible for Editor in 3.27 ms, found 2 plugins.
Preloading 0 native plugins for Editor in 0.00 ms.
Unloading 2409 Unused Serialized files (Serialized files now loaded: 0)
Unloading 54 unused Assets / (23.0 KB). Loaded Objects now: 2876.
Memory consumption went from 97.9 MB to 97.8 MB.
Total: 8.045081 ms (FindLiveObjects: 0.322682 ms CreateObjectMapping: 0.176044 ms MarkObjects: 7.495810 ms  DeleteObjects: 0.041719 ms)

AssetImportParameters requested are different than current active one (requested -> active):
  custom:video-decoder-ogg-theora: a1e56fd34408186e4bbccfd4996cb3dc -> 
  custom:container-muxer-webm: aa71ff27fc2769a1b78a27578f13a17b -> 
  custom:container-demuxer-webm: 4f35f7cbe854078d1ac9338744f61a02 -> 
  custom:video-encoder-webm-vp8: eb34c28f22e8b96e1ab97ce403110664 -> 
  custom:framework-osx-AVFoundation: e770b220cccbd017edd2c1fefb359320 -> 
  custom:audio-encoder-webm-vorbis: bf7c407c2cedff20999df2af8eb42d56 -> 
  custom:container-demuxer-ogg: 62fdf1f143b41e24485cea50d1cbac27 -> 
  custom:video-decoder-webm-vp8: 9c59270c3fd7afecdb556c50c9e8de78 -> 
  custom:audio-decoder-ogg-vorbis: bf7c407c2cedff20999df2af8eb42d56 -> 
========================================================================
Received Prepare
Registering precompiled user dll's ...
Registered in 0.002221 seconds.
Begin MonoManager ReloadAssembly
Native extension for iOS target not found
Native extension for OSXStandalone target not found
Refreshing native plugins compatible for Editor in 0.90 ms, found 2 plugins.
Preloading 0 native plugins for Editor in 0.00 ms.
Mono: successfully reloaded assembly
- Completed reload, in  1.857 seconds
Domain Reload Profiling:
	ReloadAssembly (1858ms)
		BeginReloadAssembly (159ms)
			ExecutionOrderSort (0ms)
			DisableScriptedObjects (11ms)
			BackupInstance (0ms)
			ReleaseScriptingObjects (0ms)
			CreateAndSetChildDomain (60ms)
		EndReloadAssembly (1544ms)
			LoadAssemblies (83ms)
			RebuildTransferFunctionScriptingTraits (0ms)
			SetupTypeCache (322ms)
			ReleaseScriptCaches (1ms)
			RebuildScriptCaches (68ms)
			SetupLoadedEditorAssemblies (991ms)
				LogAssemblyErrors (0ms)
				InitializePlatformSupportModulesInManaged (244ms)
				SetLoadedEditorAssemblies (1ms)
				RefreshPlugins (1ms)
				BeforeProcessingInitializeOnLoad (97ms)
				ProcessInitializeOnLoadAttributes (398ms)
				ProcessInitializeOnLoadMethodAttributes (247ms)
				AfterProcessingInitializeOnLoad (2ms)
				EditorAssembliesLoaded (0ms)
			ExecutionOrderSort2 (0ms)
			AwakeInstancesAfterBackupRestoration (7ms)
Platform modules already initialized, skipping
Refreshing native plugins compatible for Editor in 3.57 ms, found 2 plugins.
Preloading 0 native plugins for Editor in 0.00 ms.
Unloading 2426 Unused Serialized files (Serialized files now loaded: 0)
Unloading 49 unused Assets / (23.0 KB). Loaded Objects now: 2884.
Memory consumption went from 98.2 MB to 98.2 MB.
Total: 7.944477 ms (FindLiveObjects: 0.241092 ms CreateObjectMapping: 0.169632 ms MarkObjects: 7.488408 ms  DeleteObjects: 0.043738 ms)

AssetImportParameters requested are different than current active one (requested -> active):
  custom:video-decoder-ogg-theora: a1e56fd34408186e4bbccfd4996cb3dc -> 
  custom:container-muxer-webm: aa71ff27fc2769a1b78a27578f13a17b -> 
  custom:container-demuxer-webm: 4f35f7cbe854078d1ac9338744f61a02 -> 
  custom:video-encoder-webm-vp8: eb34c28f22e8b96e1ab97ce403110664 -> 
  custom:framework-osx-AVFoundation: e770b220cccbd017edd2c1fefb359320 -> 
  custom:audio-encoder-webm-vorbis: bf7c407c2cedff20999df2af8eb42d56 -> 
  custom:container-demuxer-ogg: 62fdf1f143b41e24485cea50d1cbac27 -> 
  custom:video-decoder-webm-vp8: 9c59270c3fd7afecdb556c50c9e8de78 -> 
  custom:audio-decoder-ogg-vorbis: bf7c407c2cedff20999df2af8eb42d56 -> 
